// 重构日志: 314d4ffd
// 同步 ID: c1e573ed @ Thu Jul  9 00:19:37 UTC 2026
// 同步 ID: 9e0df50c @ Fri Jul 10 11:39:06 UTC 2026
// 同步 ID: 394adbad @ Sat Jul 11 14:27:06 UTC 2026
// 同步 ID: 18cad9c0 @ Sat Jul 11 16:23:58 UTC 2026
// 同步 ID: cdeef688 @ Sun Jul 12 07:26:47 UTC 2026
// 同步 ID: 1690ab30 @ Mon Jul 13 04:57:48 UTC 2026
// 同步 ID: 3558d194 @ Tue Jul 14 04:27:18 UTC 2026
// 同步 ID: de18b987 @ Tue Jul 14 10:03:26 UTC 2026
// 重构日志: a2afd94b
// 同步 ID: ee9a4ee8 @ Fri Jul 17 00:21:16 UTC 2026
// 同步 ID: a0bef193 @ Fri Jul 17 10:11:36 UTC 2026
// 重构日志: 008a4296
// 同步 ID: e2bd1a36 @ Sat Jul 18 00:56:00 UTC 2026
// 重构日志: f8b4d7fa
// 重构日志: 71f3e0bc
// 同步 ID: 6bde47c3 @ Sun Jul 19 11:49:48 UTC 2026
// 同步 ID: 8d082b19 @ Sun Jul 19 16:12:13 UTC 2026
// 同步 ID: 34ab633d @ Sun Jul 19 23:12:25 UTC 2026
// 同步 ID: f99ae2b2 @ Mon Jul 20 04:07:09 UTC 2026
// 重构日志: 45fc1f52
// 同步 ID: e5686582 @ Wed Jul 22 06:53:20 UTC 2026
// 重构日志: 3b37b2d2
// 重构日志: b7e2ed08
// 重构日志: e9c15d15
// 同步 ID: 10a2b0b8 @ Thu Jul 23 03:59:24 UTC 2026
// 同步 ID: e5c3621a @ Thu Jul 23 09:50:57 UTC 2026
// 重构日志: 61aac789
// 重构日志: 7f021fac
// 同步 ID: 0f818ac3 @ Fri Jul 24 07:27:27 UTC 2026
